[2025-11-27T14:22:25.744Z] 
--- Incoming Webhook ---
[2025-11-27T14:22:25.755Z] From: Test User (+918123133382)
[2025-11-27T14:22:25.756Z] Message: What are your pricing plans for CRM?
[2025-11-27T14:22:28.105Z] Processing with AI Agent...
[2025-11-27T14:22:28.120Z] Error processing webhook: Missing value for input variable `phone: "+91..."`
[2025-11-27T14:26:06.940Z] 
--- Incoming Webhook ---
[2025-11-27T14:26:06.943Z] From: Test User (+918123133382)
[2025-11-27T14:26:06.945Z] Message: What are your pricing plans for CRM?
[2025-11-27T14:26:08.107Z] Processing with AI Agent...
[2025-11-27T14:26:46.100Z] AI Response: Hi there! 👋 Thanks for asking about our CRM pricing plans. 

At Synthcore, our CRM (built on advanced automation like GoHighLevel) is typically bundled with setup services, website/funnel building, WhatsApp/email integrations, and automations for the best value. Here's a quick breakdown from our current packages:

- **Basic CRM Automation + Website Setup**: ₹30,000 per year (includes full CRM config, pipelines, tags, workflows, lead nurturing, and basic website hosting/domain. Setup within 10 days!)
- **Social Media + CRM Bundle**: Starts at ₹50,000 (discounted from ₹80,000) – adds 3 reels/week on 2-4 platforms, content strategy, Google My Business, and full CRM automation.
- **Premium Packages**: Custom for advanced features like AI chatbots, voice agents, analytics dashboards, and ongoing support – often around ₹80,000+ initially, with annual maintenance at ₹30,000.

These are tailored for businesses like yours to guarantee results (leads, bookings, etc.). Prices include onboarding, training, and a 30-day results guarantee!

Want a custom quote or demo? Just share a bit about your business (e.g., industry, team size), and I'll hook you up. 😊 What's your main goal with CRM?
[2025-11-27T15:05:44.438Z] 
--- Incoming Webhook ---
[2025-11-27T15:05:44.443Z] From: Test User (+918123133382)
[2025-11-27T15:05:44.447Z] Message: What are your pricing plans for CRM?
[2025-11-27T15:05:46.217Z] Processing with AI Agent...
[2025-11-27T15:06:32.409Z] AI Response: Hi there! 👋 Thanks for asking about our CRM pricing plans at Synthcore.

Our CRM (powered by advanced automation like GoHighLevel integrations) is typically offered as part of tailored packages that include setup, website/funnel building, WhatsApp/email automation, and ongoing support. We don't have off-the-shelf monthly tiers—instead, we customize based on your needs for the best results. Here's a quick overview from our recent client proposals:

- **Basic/Standard Packages**: CRM automation + website setup starts at **₹30,000 per year** (full payment upfront for the first year). This covers core setup within 10 days, pipelines, workflows, lead nurturing, and basic integrations.
- **Premium Bundles** (e.g., with social media management): Around **₹50,000–₹80,000** one-time (often discounted), plus **₹30,000/year** maintenance. Includes extras like WhatsApp AI bots, email sequences, funnels, and analytics.

These come with guarantees on setup speed and results! For example, full CRM + social media automation for leads and bookings.

Want a personalized quote? Share a bit about your business (e.g., industry, team size, or key needs like WhatsApp integration), and I'll check our latest options or set up a quick call. What's your setup looking like? 😊
[2025-11-27T15:15:49.870Z] 
--- Incoming Webhook ---
[2025-11-27T15:15:49.873Z] From: Test User (+918123133382)
[2025-11-27T15:15:49.875Z] Message: What are your pricing plans?
[2025-11-27T15:15:51.097Z] Processing with AI Agent...
[2025-11-27T15:16:17.800Z] AI Response: Hi again! 👋 I see you're circling back on our pricing plans—happy to recap and refine based on what we've shared before.

From our latest packages (powered by GoHighLevel CRM with full automation, websites, WhatsApp/email setups, and more):

- **Basic CRM + Website Setup**: ₹30,000/year (full upfront). Includes pipelines, tags, workflows, lead nurturing, hosting, and setup in 10 days. Perfect starter for leads & bookings!
- **Social Media + CRM Bundle**: ₹50,000 (discounted from ₹80,000 one-time). Adds 3 reels/week on 2-4 platforms, content strategy, Google My Business, ads setup, and full CRM.
- **Premium/Custom**: ₹80,000+ initially (with ₹30,000/year maintenance). Extras like AI chatbots, voice agents, analytics, ongoing support, and guarantees.

All tailored for real results with 30-day onboarding and training. No monthly subs—value-packed annual plans!

To make it personal, tell me about your business (e.g., industry, goals like lead gen or WhatsApp bots)? I can pull a custom quote or demo. What's the main thing you're solving for? 😊
[2025-11-27T15:16:20.807Z] 
--- Incoming Webhook ---
[2025-11-27T15:16:20.809Z] From: Test User (+918123133382)
[2025-11-27T15:16:20.812Z] Message: Can you tell me more about the basic plan you just mentioned?
[2025-11-27T15:16:21.322Z] Processing with AI Agent...
[2025-11-27T15:16:51.637Z] AI Response: Hi again! 👋 Great question—let's dive deeper into our **Basic CRM + Website Setup** plan, which is a fantastic starter for businesses looking to automate leads, bookings, and customer management without the bells and whistles.

### Quick Pricing Recap:
- **₹30,000 per year** (full upfront payment for the first year—no monthly subs, all value-packed!).
- Includes everything below, with **setup completed within 10 days** and a **30-day results guarantee** (we ensure it's running smoothly or we tweak it free).

### What's Included? (Powered by GoHighLevel CRM with Synthcore customizations):
1. **CRM Core Setup**:
   - Pipelines, custom tags, and fields for lead segmentation.
   - Workflows for lead nurturing, scoring, qualification, and opportunity flow (e.g., Lead → Contact → Booking).
   - User roles, dashboard customization, and basic automations.

2. **Website & Funnel Building**:
   - One-page website or landing page design (multi-page optional).
   - Hosting, domain connection, custom SSL, and forms/surveys.
   - Booking calendar integration and basic tracking/analytics.

3. **Communication Channels**:
   - WhatsApp Business integration (official API or custom).
   - Email setup (authentication like SPF/DKIM, templates for welcome/booking sequences).
   - Chat widget for your site.

4. **Automations & Integrations**:
   - Automated email sequences, follow-ups, appointment reminders.
   - Internal notifications for your team.
   - Basics like Google My Business setup (if needed).

5. **Training, Launch & Support**:
   - Onboarding session + hands-on training (online portal access).
   - Full testing, go-live monitoring, and optimizations.
   - Documentation and initial support to get you confident.

This plan is perfect for solopreneurs or small teams wanting quick wins in lead gen and organization—think streamlined WhatsApp chats turning into bookings automatically!

If this fits your business (e.g., what industry are you in? Need WhatsApp focus?), I can tweak a custom proposal or share a demo. Or tell me more about your goals—ready to get started? 😊
[2025-11-27T15:25:59.367Z] 
--- Incoming Webhook ---
[2025-11-27T15:25:59.369Z] From: Test Customer (+918123133382)
[2025-11-27T15:25:59.370Z] Message: What are your prices for CRM?
[2025-11-27T15:26:00.631Z] Processing with AI Agent...
[2025-11-27T15:26:32.185Z] AI Response: Hi again! 👋 I see you're looping back on our CRM pricing—totally get it, let's keep it crystal clear with the latest from our packages.

Our core **CRM Automation + Website Setup** (powered by GoHighLevel with Synthcore tweaks) starts at **₹30,000 per year** (full upfront payment, no monthly fees). This gets you up and running in **10 days** with:
- Pipelines, tags, workflows for leads → bookings.
- Custom website/landing pages, hosting, forms.
- WhatsApp/email integrations, automations, and basic training/support.

For bundles like **Social Media + CRM**, it's **₹50,000** (discounted from ₹80,000 one-time) + **₹30,000/year** maintenance—adds reels, content strategy, GMB, and ads setup.

These are tailored for quick results with guarantees! Since we've chatted about the basic plan before, does this match what you're after? Share your business deets (industry, goals like lead gen?), and I can customize a quote or hop on a quick demo call. What's next for you? 😊
[2025-11-27T18:00:54.842Z] 
--- Incoming Webhook ---
[2025-11-27T18:00:54.845Z] From: Test Customer (+918123133382)
[2025-11-27T18:00:54.846Z] Message: What are your prices for CRM?
[2025-11-27T18:00:56.409Z] Processing with AI Agent...
[2025-11-27T18:01:24.949Z] AI Response: Hi again! 👋 I notice you're circling back on our CRM pricing—happy to recap the latest straight from our packages (powered by GoHighLevel with Synthcore customizations).

Our core **CRM Automation + Website Setup** starts at **₹30,000 per year** (full upfront, no monthly fees). This gets you fully set up in **10 days** with:
- Pipelines, tags, workflows for leads → bookings/opportunities.
- Custom landing page/website, hosting, forms, and booking calendars.
- WhatsApp/email integrations, automations (follow-ups, reminders), and basic training/support.
- 30-day guarantee for smooth results!

For expanded bundles like **Social Media + CRM**, it's **₹50,000** (discounted from ₹80,000 one-time setup) + **₹30,000/year** maintenance—adds content/reels, GMB, and ads strategy.

We've covered the basics before, so does this align with your needs? Tell me about your business (e.g., industry, lead gen goals?), and I can whip up a custom quote or demo. Ready to move forward? 😊
[2025-11-27T18:03:11.349Z] 
--- Incoming Webhook ---
[2025-11-27T18:03:11.436Z] From: Test Customer (+918123133382)
[2025-11-27T18:03:11.451Z] Message: What are your prices for CRM?
[2025-11-27T18:03:13.043Z] Processing with AI Agent...
[2025-11-27T18:03:33.249Z] AI Response: Hi again! 👋 I see you're asking about our CRM prices once more—I've shared the details a few times now, but happy to recap straight from our latest packages (powered by GoHighLevel with Synthcore customizations).

Our core **CRM Automation + Website Setup** starts at **₹30,000 per year** (full upfront payment, no monthly fees). Setup's done in **10 days** with a **30-day results guarantee**, including:
- Pipelines, tags, workflows for leads → bookings/opportunities.
- Custom landing page/website, hosting, forms, booking calendars.
- WhatsApp/email integrations, automations (follow-ups, reminders).
- Basic training, support, and optimizations.

For bundles like **Social Media + CRM**, it's **₹50,000** discounted setup (from ₹80,000) + **₹30,000/year** maintenance—adds content/reels, GMB, and ads.

We've looped on this before, so is there something specific not clicking (e.g., your business type, custom needs)? Share a bit about your goals or industry, and I'll tailor a quote/demo just for you. What's holding you back? 😊
[2025-11-27T18:03:34.430Z] WhatsApp Send Result: {"success":true,"result":{"id":"true_918123133382@c.us_3EB0D5F95F46A711687403","to":"+918123133382","body":"Hi again! 👋 I see you're asking about our CRM prices once more—I've shared the details a few times now, but happy to recap straight from our latest packages (powered by GoHighLevel with Synthcore customizations).\n\nOur core **CRM Automation + Website Setup** starts at **₹30,000 per year** (full upfront payment, no monthly fees). Setup's done in **10 days** with a **30-day results guarantee**, including:\n- Pipelines, tags, workflows for leads → bookings/opportunities.\n- Custom landing page/website, hosting, forms, booking calendars.\n- WhatsApp/email integrations, automations (follow-ups, reminders).\n- Basic training, support, and optimizations.\n\nFor bundles like **Social Media + CRM**, it's **₹50,000** discounted setup (from ₹80,000) + **₹30,000/year** maintenance—adds content/reels, GMB, and ads.\n\nWe've looped on this before, so is there something specific not clicking (e.g., your business type, custom needs)? Share a bit about your goals or industry, and I'll tailor a quote/demo just for you. What's holding you back? 😊","mediaUrl":null,"mediaType":null}}
